<?xml version="1.0" encoding="UTF-8"?>
<testng-results skipped="0" failed="1" total="3" passed="2">
  <reporter-output>
  </reporter-output>
  <suite name="Suite" duration-ms="127122" started-at="2020-11-30T07:39:11Z" finished-at="2020-11-30T07:41:18Z">
    <groups>
    </groups>
    <test name="Test" duration-ms="127122" started-at="2020-11-30T07:39:11Z" finished-at="2020-11-30T07:41:18Z">
      <class name="HRM.PageTests.PIMAddEmployee">
        <test-method status="PASS" signature="addEmployee(java.lang.String, java.lang.String, java.lang.String)[pri:1, instance:HRM.PageTests.PIMAddEmployee@4883b407]" name="addEmployee" duration-ms="20317" started-at="2020-11-30T13:09:42Z" data-provider="Add Employee" finished-at="2020-11-30T13:10:03Z">
          <params>
            <param index="0">
              <value>
                <![CDATA[Mahesh]]>
              </value>
            </param>
            <param index="1">
              <value>
                <![CDATA[Maroor]]>
              </value>
            </param>
            <param index="2">
              <value>
                <![CDATA[123.0]]>
              </value>
            </param>
          </params>
          <reporter-output>
          </reporter-output>
        </test-method> <!-- addEmployee -->
        <test-method status="PASS" signature="results(org.testng.ITestResult)[pri:0, instance:HRM.PageTests.PIMAddEmployee@4883b407]" name="results" is-config="true" duration-ms="8" started-at="2020-11-30T13:10:03Z" finished-at="2020-11-30T13:10:03Z">
          <params>
            <param index="0">
              <value>
                <![CDATA[[TestResult name=addEmployee status=SUCCESS method=PIMAddEmployee.addEmployee(java.lang.String, java.lang.String, java.lang.String)[pri:1, instance:HRM.PageTests.PIMAddEmployee@4883b407] output={null}]]]>
              </value>
            </param>
          </params>
          <reporter-output>
          </reporter-output>
        </test-method> <!-- results -->
        <test-method status="PASS" signature="addEmployee(java.lang.String, java.lang.String, java.lang.String)[pri:1, instance:HRM.PageTests.PIMAddEmployee@4883b407]" name="addEmployee" duration-ms="18578" started-at="2020-11-30T13:10:03Z" data-provider="Add Employee" finished-at="2020-11-30T13:10:21Z">
          <params>
            <param index="0">
              <value>
                <![CDATA[Manjushree]]>
              </value>
            </param>
            <param index="1">
              <value>
                <![CDATA[Yakhatpure]]>
              </value>
            </param>
            <param index="2">
              <value>
                <![CDATA[456.0]]>
              </value>
            </param>
          </params>
          <reporter-output>
          </reporter-output>
        </test-method> <!-- addEmployee -->
        <test-method status="FAIL" signature="addEmployee(java.lang.String, java.lang.String, java.lang.String)[pri:1, instance:HRM.PageTests.PIMAddEmployee@4883b407]" name="addEmployee" duration-ms="54057" started-at="2020-11-30T13:10:21Z" data-provider="Add Employee" finished-at="2020-11-30T13:11:15Z">
          <params>
            <param index="0">
              <value>
                <![CDATA[Agastya]]>
              </value>
            </param>
            <param index="1">
              <value>
                <![CDATA[Veer]]>
              </value>
            </param>
            <param index="2">
              <value>
                <![CDATA[789.0]]>
              </value>
            </param>
          </params>
          <exception class="org.openqa.selenium.NoSuchElementException">
            <message>
              <![CDATA[no such element: Unable to locate element: {"method":"xpath","selector":"//input[@name='firstName']"}
  (Session info: chrome=86.0.4240.198)
For documentation on this error, please visit: http://seleniumhq.org/exceptions/no_such_element.html
Build info: version: '3.14.0', revision: 'aacccce0', time: '2018-08-02T20:19:58.91Z'
System info: host: 'DESKTOP-44C8QOI', ip: '192.168.43.174', os.name: 'Windows 10', os.arch: 'amd64', os.version: '10.0', java.version: '1.8.0_241'
Driver info: org.openqa.selenium.chrome.ChromeDriver
Capabilities {acceptInsecureCerts: false, browserName: chrome, browserVersion: 86.0.4240.198, chrome: {chromedriverVersion: 86.0.4240.22 (398b0743353ff..., userDataDir: C:\Users\MAHESH~1\AppData\L...}, goog:chromeOptions: {debuggerAddress: localhost:64843}, javascriptEnabled: true, networkConnectionEnabled: false, pageLoadStrategy: normal, platform: WINDOWS, platformName: WINDOWS, proxy: Proxy(), setWindowRect: true, strictFileInteractability: false, timeouts: {implicit: 0, pageLoad: 300000, script: 30000}, unhandledPromptBehavior: dismiss and notify, webauthn:virtualAuthenticators: true}
Session ID: c279d8b8c5aeddfdbbe47ce36effeb31
*** Element info: {Using=xpath, value=//input[@name='firstName']}]]>
            </message>
            <full-stacktrace>
              <![CDATA[org.openqa.selenium.NoSuchElementException: no such element: Unable to locate element: {"method":"xpath","selector":"//input[@name='firstName']"}
  (Session info: chrome=86.0.4240.198)
For documentation on this error, please visit: http://seleniumhq.org/exceptions/no_such_element.html
Build info: version: '3.14.0', revision: 'aacccce0', time: '2018-08-02T20:19:58.91Z'
System info: host: 'DESKTOP-44C8QOI', ip: '192.168.43.174', os.name: 'Windows 10', os.arch: 'amd64', os.version: '10.0', java.version: '1.8.0_241'
Driver info: org.openqa.selenium.chrome.ChromeDriver
Capabilities {acceptInsecureCerts: false, browserName: chrome, browserVersion: 86.0.4240.198, chrome: {chromedriverVersion: 86.0.4240.22 (398b0743353ff..., userDataDir: C:\Users\MAHESH~1\AppData\L...}, goog:chromeOptions: {debuggerAddress: localhost:64843}, javascriptEnabled: true, networkConnectionEnabled: false, pageLoadStrategy: normal, platform: WINDOWS, platformName: WINDOWS, proxy: Proxy(), setWindowRect: true, strictFileInteractability: false, timeouts: {implicit: 0, pageLoad: 300000, script: 30000}, unhandledPromptBehavior: dismiss and notify, webauthn:virtualAuthenticators: true}
Session ID: c279d8b8c5aeddfdbbe47ce36effeb31
*** Element info: {Using=xpath, value=//input[@name='firstName']}
	at sun.reflect.NativeConstructorAccessorImpl.newInstance0(Native Method)
	at sun.reflect.NativeConstructorAccessorImpl.newInstance(Unknown Source)
	at sun.reflect.DelegatingConstructorAccessorImpl.newInstance(Unknown Source)
	at java.lang.reflect.Constructor.newInstance(Unknown Source)
	at org.openqa.selenium.remote.http.W3CHttpResponseCodec.createException(W3CHttpResponseCodec.java:187)
	at org.openqa.selenium.remote.http.W3CHttpResponseCodec.decode(W3CHttpResponseCodec.java:122)
	at org.openqa.selenium.remote.http.W3CHttpResponseCodec.decode(W3CHttpResponseCodec.java:49)
	at org.openqa.selenium.remote.HttpCommandExecutor.execute(HttpCommandExecutor.java:158)
	at org.openqa.selenium.remote.service.DriverCommandExecutor.execute(DriverCommandExecutor.java:83)
	at org.openqa.selenium.remote.RemoteWebDriver.execute(RemoteWebDriver.java:548)
	at org.openqa.selenium.remote.RemoteWebDriver.findElement(RemoteWebDriver.java:322)
	at org.openqa.selenium.remote.RemoteWebDriver.findElementByXPath(RemoteWebDriver.java:424)
	at org.openqa.selenium.By$ByXPath.findElement(By.java:353)
	at org.openqa.selenium.remote.RemoteWebDriver.findElement(RemoteWebDriver.java:314)
	at sun.reflect.GeneratedMethodAccessor5.invoke(Unknown Source)
	at sun.reflect.DelegatingMethodAccessorImpl.invoke(Unknown Source)
	at java.lang.reflect.Method.invoke(Unknown Source)
	at org.openqa.selenium.support.events.EventFiringWebDriver.lambda$new$1(EventFiringWebDriver.java:105)
	at com.sun.proxy.$Proxy10.findElement(Unknown Source)
	at org.openqa.selenium.support.events.EventFiringWebDriver.findElement(EventFiringWebDriver.java:194)
	at org.openqa.selenium.support.pagefactory.DefaultElementLocator.findElement(DefaultElementLocator.java:69)
	at org.openqa.selenium.support.pagefactory.internal.LocatingElementHandler.invoke(LocatingElementHandler.java:38)
	at com.sun.proxy.$Proxy14.sendKeys(Unknown Source)
	at HRM.Pages.PIMPageAddEmployee.addEmployee(PIMPageAddEmployee.java:46)
	at HRM.PageTests.PIMAddEmployee.addEmployee(PIMAddEmployee.java:40)
	at sun.reflect.NativeMethodAccessorImpl.invoke0(Native Method)
	at sun.reflect.NativeMethodAccessorImpl.invoke(Unknown Source)
	at sun.reflect.DelegatingMethodAccessorImpl.invoke(Unknown Source)
	at java.lang.reflect.Method.invoke(Unknown Source)
	at org.testng.internal.MethodInvocationHelper.invokeMethod(MethodInvocationHelper.java:100)
	at org.testng.internal.Invoker.invokeMethod(Invoker.java:646)
	at org.testng.internal.Invoker.invokeTestMethod(Invoker.java:811)
	at org.testng.internal.Invoker.invokeTestMethods(Invoker.java:1137)
	at org.testng.internal.TestMethodWorker.invokeTestMethods(TestMethodWorker.java:129)
	at org.testng.internal.TestMethodWorker.run(TestMethodWorker.java:112)
	at org.testng.TestRunner.privateRun(TestRunner.java:753)
	at org.testng.TestRunner.run(TestRunner.java:607)
	at org.testng.SuiteRunner.runTest(SuiteRunner.java:368)
	at org.testng.SuiteRunner.runSequentially(SuiteRunner.java:363)
	at org.testng.SuiteRunner.privateRun(SuiteRunner.java:321)
	at org.testng.SuiteRunner.run(SuiteRunner.java:270)
	at org.testng.SuiteRunnerWorker.runSuite(SuiteRunnerWorker.java:52)
	at org.testng.SuiteRunnerWorker.run(SuiteRunnerWorker.java:86)
	at org.testng.TestNG.runSuitesSequentially(TestNG.java:1284)
	at org.testng.TestNG.runSuitesLocally(TestNG.java:1209)
	at org.testng.TestNG.runSuites(TestNG.java:1124)
	at org.testng.TestNG.run(TestNG.java:1096)
	at org.testng.remote.AbstractRemoteTestNG.run(AbstractRemoteTestNG.java:132)
	at org.testng.remote.RemoteTestNG.initAndRun(RemoteTestNG.java:236)
	at org.testng.remote.RemoteTestNG.main(RemoteTestNG.java:81)
]]>
            </full-stacktrace>
          </exception> <!-- org.openqa.selenium.NoSuchElementException -->
          <reporter-output>
          </reporter-output>
        </test-method> <!-- addEmployee -->
        <test-method status="PASS" signature="results(org.testng.ITestResult)[pri:0, instance:HRM.PageTests.PIMAddEmployee@4883b407]" name="results" is-config="true" duration-ms="0" started-at="2020-11-30T13:10:21Z" finished-at="2020-11-30T13:10:21Z">
          <params>
            <param index="0">
              <value>
                <![CDATA[[TestResult name=addEmployee status=SUCCESS method=PIMAddEmployee.addEmployee(java.lang.String, java.lang.String, java.lang.String)[pri:1, instance:HRM.PageTests.PIMAddEmployee@4883b407] output={null}]]]>
              </value>
            </param>
          </params>
          <reporter-output>
          </reporter-output>
        </test-method> <!-- results -->
        <test-method status="PASS" signature="results(org.testng.ITestResult)[pri:0, instance:HRM.PageTests.PIMAddEmployee@4883b407]" name="results" is-config="true" duration-ms="2492" started-at="2020-11-30T13:11:16Z" finished-at="2020-11-30T13:11:18Z">
          <params>
            <param index="0">
              <value>
                <![CDATA[[TestResult name=addEmployee status=FAILURE method=PIMAddEmployee.addEmployee(java.lang.String, java.lang.String, java.lang.String)[pri:1, instance:HRM.PageTests.PIMAddEmployee@4883b407] output={null}]]]>
              </value>
            </param>
          </params>
          <reporter-output>
          </reporter-output>
        </test-method> <!-- results -->
      </class> <!-- HRM.PageTests.PIMAddEmployee -->
      <class name="HRM.PageTests.LoginPageTest">
        <test-method status="PASS" signature="reporting()[pri:0, instance:HRM.PageTests.LoginPageTest@5622fdf]" name="reporting" is-config="true" duration-ms="232" started-at="2020-11-30T13:09:11Z" finished-at="2020-11-30T13:09:11Z">
          <reporter-output>
          </reporter-output>
        </test-method> <!-- reporting -->
        <test-method status="PASS" signature="loginTest()[pri:0, instance:HRM.PageTests.LoginPageTest@5622fdf]" name="loginTest" is-config="true" duration-ms="26417" started-at="2020-11-30T13:09:11Z" finished-at="2020-11-30T13:09:37Z">
          <reporter-output>
          </reporter-output>
        </test-method> <!-- loginTest -->
        <test-method status="PASS" signature="reportclose()[pri:0, instance:HRM.PageTests.LoginPageTest@5622fdf]" name="reportclose" is-config="true" duration-ms="2635" started-at="2020-11-30T13:11:19Z" finished-at="2020-11-30T13:11:21Z">
          <reporter-output>
          </reporter-output>
        </test-method> <!-- reportclose -->
      </class> <!-- HRM.PageTests.LoginPageTest -->
    </test> <!-- Test -->
  </suite> <!-- Suite -->
</testng-results>
